"The Kerberos client received a KRB_AP_ERR_MODIFIED error from the server mdc-10645$. The target name used was cifs/mdc-10293.sheriffleefl.org. This indicates that the target server failed to decrypt the ticket provided by the client. This can occur when the target server principal name (SPN) is registered on an account other than the account the target service is using. Ensure that the target SPN is only registered on the account used by the server. This error can also happen if the target service account password is different than what is configured on the Kerberos Key Distribution Center for that target service. Ensure that the service on the server and the KDC are both configured to use the same password. If the server name is not fully qualified, and the target domain (SHERIFFLEEFL.ORG) is different from the client domain (SHERIFFLEEFL.ORG), check if there are identically named server accounts in these two domains, or use the fully-qualified name to identify the server.","4","0","16384","2","0","0","36028797018963968","2416288","Microsoft-Windows-Security-Kerberos","98e6cfcb-ee0a-41e0-a57b-622d4e1b30b1","System","0","0","lcso-rms.sheriffleefl.org",,"3/4/2021 8:13:43 AM",,,"system","System.UInt32[]","System.Diagnostics.Eventing.Reader.EventBookmark","Error",,,"System.Collections.ObjectModel.ReadOnlyCollection`1[System.String]","System.Collections.Generic.List`1[System.Diagnostics.Eventing.Reader.EventProperty]"
"The Kerberos client received a KRB_AP_ERR_MODIFIED error from the server mdc-10273$. The target name used was cifs/mdc-10052.sheriffleefl.org. This indicates that the target server failed to decrypt the ticket provided by the client. This can occur when the target server principal name (SPN) is registered on an account other than the account the target service is using. Ensure that the target SPN is only registered on the account used by the server. This error can also happen if the target service account password is different than what is configured on the Kerberos Key Distribution Center for that target service. Ensure that the service on the server and the KDC are both configured to use the same password. If the server name is not fully qualified, and the target domain (SHERIFFLEEFL.ORG) is different from the client domain (SHERIFFLEEFL.ORG), check if there are identically named server accounts in these two domains, or use the fully-qualified name to identify the server.","4","0","16384","2","0","0","36028797018963968","2416280","Microsoft-Windows-Security-Kerberos","98e6cfcb-ee0a-41e0-a57b-622d4e1b30b1","System","0","0","lcso-rms.sheriffleefl.org",,"3/4/2021 7:58:48 AM",,,"system","System.UInt32[]","System.Diagnostics.Eventing.Reader.EventBookmark","Error",,,"System.Collections.ObjectModel.ReadOnlyCollection`1[System.String]","System.Collections.Generic.List`1[System.Diagnostics.Eventing.Reader.EventProperty]"
"The Kerberos client received a KRB_AP_ERR_MODIFIED error from the server mdc-11089$. The target name used was cifs/mdc-10484.sheriffleefl.org. This indicates that the target server failed to decrypt the ticket provided by the client. This can occur when the target server principal name (SPN) is registered on an account other than the account the target service is using. Ensure that the target SPN is only registered on the account used by the server. This error can also happen if the target service account password is different than what is configured on the Kerberos Key Distribution Center for that target service. Ensure that the service on the server and the KDC are both configured to use the same password. If the server name is not fully qualified, and the target domain (SHERIFFLEEFL.ORG) is different from the client domain (SHERIFFLEEFL.ORG), check if there are identically named server accounts in these two domains, or use the fully-qualified name to identify the server.","4","0","16384","2","0","0","36028797018963968","2416272","Microsoft-Windows-Security-Kerberos","98e6cfcb-ee0a-41e0-a57b-622d4e1b30b1","System","0","0","lcso-rms.sheriffleefl.org",,"3/4/2021 7:55:06 AM",,,"system","System.UInt32[]","System.Diagnostics.Eventing.Reader.EventBookmark","Error",,,"System.Collections.ObjectModel.ReadOnlyCollection`1[System.String]","System.Collections.Generic.List`1[System.Diagnostics.Eventing.Reader.EventProperty]"
"The Kerberos client received a KRB_AP_ERR_MODIFIED error from the server mdc-11298$. The target name used was cifs/mdc-11281.sheriffleefl.org. This indicates that the target server failed to decrypt the ticket provided by the client. This can occur when the target server principal name (SPN) is registered on an account other than the account the target service is using. Ensure that the target SPN is only registered on the account used by the server. This error can also happen if the target service account password is different than what is configured on the Kerberos Key Distribution Center for that target service. Ensure that the service on the server and the KDC are both configured to use the same password. If the server name is not fully qualified, and the target domain (SHERIFFLEEFL.ORG) is different from the client domain (SHERIFFLEEFL.ORG), check if there are identically named server accounts in these two domains, or use the fully-qualified name to identify the server.","4","0","16384","2","0","0","36028797018963968","2416268","Microsoft-Windows-Security-Kerberos","98e6cfcb-ee0a-41e0-a57b-622d4e1b30b1","System","0","0","lcso-rms.sheriffleefl.org",,"3/4/2021 7:39:01 AM",,,"system","System.UInt32[]","System.Diagnostics.Eventing.Reader.EventBookmark","Error",,,"System.Collections.ObjectModel.ReadOnlyCollection`1[System.String]","System.Collections.Generic.List`1[System.Diagnostics.Eventing.Reader.EventProperty]"
"The Kerberos client received a KRB_AP_ERR_MODIFIED error from the server mdc-10145$. The target name used was cifs/mdc-10121.sheriffleefl.org. This indicates that the target server failed to decrypt the ticket provided by the client. This can occur when the target server principal name (SPN) is registered on an account other than the account the target service is using. Ensure that the target SPN is only registered on the account used by the server. This error can also happen if the target service account password is different than what is configured on the Kerberos Key Distribution Center for that target service. Ensure that the service on the server and the KDC are both configured to use the same password. If the server name is not fully qualified, and the target domain (SHERIFFLEEFL.ORG) is different from the client domain (SHERIFFLEEFL.ORG), check if there are identically named server accounts in these two domains, or use the fully-qualified name to identify the server.","4","0","16384","2","0","0","36028797018963968","2416267","Microsoft-Windows-Security-Kerberos","98e6cfcb-ee0a-41e0-a57b-622d4e1b30b1","System","0","0","lcso-rms.sheriffleefl.org",,"3/4/2021 7:37:34 AM",,,"system","System.UInt32[]","System.Diagnostics.Eventing.Reader.EventBookmark","Error",,,"System.Collections.ObjectModel.ReadOnlyCollection`1[System.String]","System.Collections.Generic.List`1[System.Diagnostics.Eventing.Reader.EventProperty]"
"The Kerberos client received a KRB_AP_ERR_MODIFIED error from the server mdc-10233$. The target name used was cifs/mdc-10460.sheriffleefl.org. This indicates that the target server failed to decrypt the ticket provided by the client. This can occur when the target server principal name (SPN) is registered on an account other than the account the target service is using. Ensure that the target SPN is only registered on the account used by the server. This error can also happen if the target service account password is different than what is configured on the Kerberos Key Distribution Center for that target service. Ensure that the service on the server and the KDC are both configured to use the same password. If the server name is not fully qualified, and the target domain (SHERIFFLEEFL.ORG) is different from the client domain (SHERIFFLEEFL.ORG), check if there are identically named server accounts in these two domains, or use the fully-qualified name to identify the server.","4","0","16384","2","0","0","36028797018963968","2416260","Microsoft-Windows-Security-Kerberos","98e6cfcb-ee0a-41e0-a57b-622d4e1b30b1","System","0","0","lcso-rms.sheriffleefl.org",,"3/4/2021 7:27:30 AM",,,"system","System.UInt32[]","System.Diagnostics.Eventing.Reader.EventBookmark","Error",,,"System.Collections.ObjectModel.ReadOnlyCollection`1[System.String]","System.Collections.Generic.List`1[System.Diagnostics.Eventing.Reader.EventProperty]"
"The Kerberos client received a KRB_AP_ERR_MODIFIED error from the server tab-11054$. The target name used was cifs/mdc-10186.sheriffleefl.org. This indicates that the target server failed to decrypt the ticket provided by the client. This can occur when the target server principal name (SPN) is registered on an account other than the account the target service is using. Ensure that the target SPN is only registered on the account used by the server. This error can also happen if the target service account password is different than what is configured on the Kerberos Key Distribution Center for that target service. Ensure that the service on the server and the KDC are both configured to use the same password. If the server name is not fully qualified, and the target domain (SHERIFFLEEFL.ORG) is different from the client domain (SHERIFFLEEFL.ORG), check if there are identically named server accounts in these two domains, or use the fully-qualified name to identify the server.","4","0","16384","2","0","0","36028797018963968","2416256","Microsoft-Windows-Security-Kerberos","98e6cfcb-ee0a-41e0-a57b-622d4e1b30b1","System","0","0","lcso-rms.sheriffleefl.org",,"3/4/2021 7:25:31 AM",,,"system","System.UInt32[]","System.Diagnostics.Eventing.Reader.EventBookmark","Error",,,"System.Collections.ObjectModel.ReadOnlyCollection`1[System.String]","System.Collections.Generic.List`1[System.Diagnostics.Eventing.Reader.EventProperty]"
"The shadow copy of volume V: could not be created due to a failure in creating the necessary on disk structures.","28",,"49158","2","0",,"36028797018963968","2416246","volsnap",,"System",,,"lcso-rms.sheriffleefl.org",,"3/4/2021 7:15:35 AM",,,"system","System.UInt32[]","System.Diagnostics.Eventing.Reader.EventBookmark","Error",,,"System.Collections.ObjectModel.ReadOnlyCollection`1[System.String]","System.Collections.Generic.List`1[System.Diagnostics.Eventing.Reader.EventProperty]"
"The Kerberos client received a KRB_AP_ERR_MODIFIED error from the server mdc-10556$. The target name used was cifs/mdc-11062.sheriffleefl.org. This indicates that the target server failed to decrypt the ticket provided by the client. This can occur when the target server principal name (SPN) is registered on an account other than the account the target service is using. Ensure that the target SPN is only registered on the account used by the server. This error can also happen if the target service account password is different than what is configured on the Kerberos Key Distribution Center for that target service. Ensure that the service on the server and the KDC are both configured to use the same password. If the server name is not fully qualified, and the target domain (SHERIFFLEEFL.ORG) is different from the client domain (SHERIFFLEEFL.ORG), check if there are identically named server accounts in these two domains, or use the fully-qualified name to identify the server.","4","0","16384","2","0","0","36028797018963968","2416242","Microsoft-Windows-Security-Kerberos","98e6cfcb-ee0a-41e0-a57b-622d4e1b30b1","System","0","0","lcso-rms.sheriffleefl.org",,"3/4/2021 7:09:16 AM",,,"system","System.UInt32[]","System.Diagnostics.Eventing.Reader.EventBookmark","Error",,,"System.Collections.ObjectModel.ReadOnlyCollection`1[System.String]","System.Collections.Generic.List`1[System.Diagnostics.Eventing.Reader.EventProperty]"
"The Kerberos client received a KRB_AP_ERR_MODIFIED error from the server mdc-11102$. The target name used was cifs/mdc-10199.sheriffleefl.org. This indicates that the target server failed to decrypt the ticket provided by the client. This can occur when the target server principal name (SPN) is registered on an account other than the account the target service is using. Ensure that the target SPN is only registered on the account used by the server. This error can also happen if the target service account password is different than what is configured on the Kerberos Key Distribution Center for that target service. Ensure that the service on the server and the KDC are both configured to use the same password. If the server name is not fully qualified, and the target domain (SHERIFFLEEFL.ORG) is different from the client domain (SHERIFFLEEFL.ORG), check if there are identically named server accounts in these two domains, or use the fully-qualified name to identify the server.","4","0","16384","2","0","0","36028797018963968","2416238","Microsoft-Windows-Security-Kerberos","98e6cfcb-ee0a-41e0-a57b-622d4e1b30b1","System","0","0","lcso-rms.sheriffleefl.org",,"3/4/2021 7:05:42 AM",,,"system","System.UInt32[]","System.Diagnostics.Eventing.Reader.EventBookmark","Error",,,"System.Collections.ObjectModel.ReadOnlyCollection`1[System.String]","System.Collections.Generic.List`1[System.Diagnostics.Eventing.Reader.EventProperty]"
"The Kerberos client received a KRB_AP_ERR_MODIFIED error from the server mdc-10323$. The target name used was cifs/mdc-8980.sheriffleefl.org. This indicates that the target server failed to decrypt the ticket provided by the client. This can occur when the target server principal name (SPN) is registered on an account other than the account the target service is using. Ensure that the target SPN is only registered on the account used by the server. This error can also happen if the target service account password is different than what is configured on the Kerberos Key Distribution Center for that target service. Ensure that the service on the server and the KDC are both configured to use the same password. If the server name is not fully qualified, and the target domain (SHERIFFLEEFL.ORG) is different from the client domain (SHERIFFLEEFL.ORG), check if there are identically named server accounts in these two domains, or use the fully-qualified name to identify the server.","4","0","16384","2","0","0","36028797018963968","2416236","Microsoft-Windows-Security-Kerberos","98e6cfcb-ee0a-41e0-a57b-622d4e1b30b1","System","0","0","lcso-rms.sheriffleefl.org",,"3/4/2021 7:02:40 AM",,,"system","System.UInt32[]","System.Diagnostics.Eventing.Reader.EventBookmark","Error",,,"System.Collections.ObjectModel.ReadOnlyCollection`1[System.String]","System.Collections.Generic.List`1[System.Diagnostics.Eventing.Reader.EventProperty]"
"The Kerberos client received a KRB_AP_ERR_MODIFIED error from the server mdc-10681$. The target name used was cifs/lap-11683.sheriffleefl.org. This indicates that the target server failed to decrypt the ticket provided by the client. This can occur when the target server principal name (SPN) is registered on an account other than the account the target service is using. Ensure that the target SPN is only registered on the account used by the server. This error can also happen if the target service account password is different than what is configured on the Kerberos Key Distribution Center for that target service. Ensure that the service on the server and the KDC are both configured to use the same password. If the server name is not fully qualified, and the target domain (SHERIFFLEEFL.ORG) is different from the client domain (SHERIFFLEEFL.ORG), check if there are identically named server accounts in these two domains, or use the fully-qualified name to identify the server.","4","0","16384","2","0","0","36028797018963968","2416224","Microsoft-Windows-Security-Kerberos","98e6cfcb-ee0a-41e0-a57b-622d4e1b30b1","System","0","0","lcso-rms.sheriffleefl.org",,"3/4/2021 6:55:17 AM",,,"system","System.UInt32[]","System.Diagnostics.Eventing.Reader.EventBookmark","Error",,,"System.Collections.ObjectModel.ReadOnlyCollection`1[System.String]","System.Collections.Generic.List`1[System.Diagnostics.Eventing.Reader.EventProperty]"
"The Kerberos client received a KRB_AP_ERR_MODIFIED error from the server mdc-10693$. The target name used was cifs/mdc-10110.sheriffleefl.org. This indicates that the target server failed to decrypt the ticket provided by the client. This can occur when the target server principal name (SPN) is registered on an account other than the account the target service is using. Ensure that the target SPN is only registered on the account used by the server. This error can also happen if the target service account password is different than what is configured on the Kerberos Key Distribution Center for that target service. Ensure that the service on the server and the KDC are both configured to use the same password. If the server name is not fully qualified, and the target domain (SHERIFFLEEFL.ORG) is different from the client domain (SHERIFFLEEFL.ORG), check if there are identically named server accounts in these two domains, or use the fully-qualified name to identify the server.","4","0","16384","2","0","0","36028797018963968","2416222","Microsoft-Windows-Security-Kerberos","98e6cfcb-ee0a-41e0-a57b-622d4e1b30b1","System","0","0","lcso-rms.sheriffleefl.org",,"3/4/2021 6:51:12 AM",,,"system","System.UInt32[]","System.Diagnostics.Eventing.Reader.EventBookmark","Error",,,"System.Collections.ObjectModel.ReadOnlyCollection`1[System.String]","System.Collections.Generic.List`1[System.Diagnostics.Eventing.Reader.EventProperty]"
"The Kerberos client received a KRB_AP_ERR_MODIFIED error from the server mdc-10693$. The target name used was cifs/mdc-10435.sheriffleefl.org. This indicates that the target server failed to decrypt the ticket provided by the client. This can occur when the target server principal name (SPN) is registered on an account other than the account the target service is using. Ensure that the target SPN is only registered on the account used by the server. This error can also happen if the target service account password is different than what is configured on the Kerberos Key Distribution Center for that target service. Ensure that the service on the server and the KDC are both configured to use the same password. If the server name is not fully qualified, and the target domain (SHERIFFLEEFL.ORG) is different from the client domain (SHERIFFLEEFL.ORG), check if there are identically named server accounts in these two domains, or use the fully-qualified name to identify the server.","4","0","16384","2","0","0","36028797018963968","2416219","Microsoft-Windows-Security-Kerberos","98e6cfcb-ee0a-41e0-a57b-622d4e1b30b1","System","0","0","lcso-rms.sheriffleefl.org",,"3/4/2021 6:48:00 AM",,,"system","System.UInt32[]","System.Diagnostics.Eventing.Reader.EventBookmark","Error",,,"System.Collections.ObjectModel.ReadOnlyCollection`1[System.String]","System.Collections.Generic.List`1[System.Diagnostics.Eventing.Reader.EventProperty]"
"The Kerberos client received a KRB_AP_ERR_MODIFIED error from the server mdc-10485$. The target name used was cifs/mdc-11632.sheriffleefl.org. This indicates that the target server failed to decrypt the ticket provided by the client. This can occur when the target server principal name (SPN) is registered on an account other than the account the target service is using. Ensure that the target SPN is only registered on the account used by the server. This error can also happen if the target service account password is different than what is configured on the Kerberos Key Distribution Center for that target service. Ensure that the service on the server and the KDC are both configured to use the same password. If the server name is not fully qualified, and the target domain (SHERIFFLEEFL.ORG) is different from the client domain (SHERIFFLEEFL.ORG), check if there are identically named server accounts in these two domains, or use the fully-qualified name to identify the server.","4","0","16384","2","0","0","36028797018963968","2416209","Microsoft-Windows-Security-Kerberos","98e6cfcb-ee0a-41e0-a57b-622d4e1b30b1","System","0","0","lcso-rms.sheriffleefl.org",,"3/4/2021 6:39:00 AM",,,"system","System.UInt32[]","System.Diagnostics.Eventing.Reader.EventBookmark","Error",,,"System.Collections.ObjectModel.ReadOnlyCollection`1[System.String]","System.Collections.Generic.List`1[System.Diagnostics.Eventing.Reader.EventProperty]"
"The Kerberos client received a KRB_AP_ERR_MODIFIED error from the server tab-11054$. The target name used was cifs/mdc-10252.sheriffleefl.org. This indicates that the target server failed to decrypt the ticket provided by the client. This can occur when the target server principal name (SPN) is registered on an account other than the account the target service is using. Ensure that the target SPN is only registered on the account used by the server. This error can also happen if the target service account password is different than what is configured on the Kerberos Key Distribution Center for that target service. Ensure that the service on the server and the KDC are both configured to use the same password. If the server name is not fully qualified, and the target domain (SHERIFFLEEFL.ORG) is different from the client domain (SHERIFFLEEFL.ORG), check if there are identically named server accounts in these two domains, or use the fully-qualified name to identify the server.","4","0","16384","2","0","0","36028797018963968","2416204","Microsoft-Windows-Security-Kerberos","98e6cfcb-ee0a-41e0-a57b-622d4e1b30b1","System","0","0","lcso-rms.sheriffleefl.org",,"3/4/2021 6:29:24 AM",,,"system","System.UInt32[]","System.Diagnostics.Eventing.Reader.EventBookmark","Error",,,"System.Collections.ObjectModel.ReadOnlyCollection`1[System.String]","System.Collections.Generic.List`1[System.Diagnostics.Eventing.Reader.EventProperty]"
"The Kerberos client received a KRB_AP_ERR_MODIFIED error from the server lap-9723$. The target name used was cifs/mdc-11105.sheriffleefl.org. This indicates that the target server failed to decrypt the ticket provided by the client. This can occur when the target server principal name (SPN) is registered on an account other than the account the target service is using. Ensure that the target SPN is only registered on the account used by the server. This error can also happen if the target service account password is different than what is configured on the Kerberos Key Distribution Center for that target service. Ensure that the service on the server and the KDC are both configured to use the same password. If the server name is not fully qualified, and the target domain (SHERIFFLEEFL.ORG) is different from the client domain (SHERIFFLEEFL.ORG), check if there are identically named server accounts in these two domains, or use the fully-qualified name to identify the server.","4","0","16384","2","0","0","36028797018963968","2416203","Microsoft-Windows-Security-Kerberos","98e6cfcb-ee0a-41e0-a57b-622d4e1b30b1","System","0","0","lcso-rms.sheriffleefl.org",,"3/4/2021 6:26:40 AM",,,"system","System.UInt32[]","System.Diagnostics.Eventing.Reader.EventBookmark","Error",,,"System.Collections.ObjectModel.ReadOnlyCollection`1[System.String]","System.Collections.Generic.List`1[System.Diagnostics.Eventing.Reader.EventProperty]"
"The Kerberos client received a KRB_AP_ERR_MODIFIED error from the server lap-11751$. The target name used was cifs/mdc-10602.sheriffleefl.org. This indicates that the target server failed to decrypt the ticket provided by the client. This can occur when the target server principal name (SPN) is registered on an account other than the account the target service is using. Ensure that the target SPN is only registered on the account used by the server. This error can also happen if the target service account password is different than what is configured on the Kerberos Key Distribution Center for that target service. Ensure that the service on the server and the KDC are both configured to use the same password. If the server name is not fully qualified, and the target domain (SHERIFFLEEFL.ORG) is different from the client domain (SHERIFFLEEFL.ORG), check if there are identically named server accounts in these two domains, or use the fully-qualified name to identify the server.","4","0","16384","2","0","0","36028797018963968","2416195","Microsoft-Windows-Security-Kerberos","98e6cfcb-ee0a-41e0-a57b-622d4e1b30b1","System","0","0","lcso-rms.sheriffleefl.org",,"3/4/2021 6:20:14 AM",,,"system","System.UInt32[]","System.Diagnostics.Eventing.Reader.EventBookmark","Error",,,"System.Collections.ObjectModel.ReadOnlyCollection`1[System.String]","System.Collections.Generic.List`1[System.Diagnostics.Eventing.Reader.EventProperty]"
"The Kerberos client received a KRB_AP_ERR_MODIFIED error from the server mdc-10309$. The target name used was cifs/mdc-6841.sheriffleefl.org. This indicates that the target server failed to decrypt the ticket provided by the client. This can occur when the target server principal name (SPN) is registered on an account other than the account the target service is using. Ensure that the target SPN is only registered on the account used by the server. This error can also happen if the target service account password is different than what is configured on the Kerberos Key Distribution Center for that target service. Ensure that the service on the server and the KDC are both configured to use the same password. If the server name is not fully qualified, and the target domain (SHERIFFLEEFL.ORG) is different from the client domain (SHERIFFLEEFL.ORG), check if there are identically named server accounts in these two domains, or use the fully-qualified name to identify the server.","4","0","16384","2","0","0","36028797018963968","2416194","Microsoft-Windows-Security-Kerberos","98e6cfcb-ee0a-41e0-a57b-622d4e1b30b1","System","0","0","lcso-rms.sheriffleefl.org",,"3/4/2021 6:17:51 AM",,,"system","System.UInt32[]","System.Diagnostics.Eventing.Reader.EventBookmark","Error",,,"System.Collections.ObjectModel.ReadOnlyCollection`1[System.String]","System.Collections.Generic.List`1[System.Diagnostics.Eventing.Reader.EventProperty]"
"The Kerberos client received a KRB_AP_ERR_MODIFIED error from the server mdc-10447$. The target name used was cifs/lap-11679.sheriffleefl.org. This indicates that the target server failed to decrypt the ticket provided by the client. This can occur when the target server principal name (SPN) is registered on an account other than the account the target service is using. Ensure that the target SPN is only registered on the account used by the server. This error can also happen if the target service account password is different than what is configured on the Kerberos Key Distribution Center for that target service. Ensure that the service on the server and the KDC are both configured to use the same password. If the server name is not fully qualified, and the target domain (SHERIFFLEEFL.ORG) is different from the client domain (SHERIFFLEEFL.ORG), check if there are identically named server accounts in these two domains, or use the fully-qualified name to identify the server.","4","0","16384","2","0","0","36028797018963968","2416190","Microsoft-Windows-Security-Kerberos","98e6cfcb-ee0a-41e0-a57b-622d4e1b30b1","System","0","0","lcso-rms.sheriffleefl.org",,"3/4/2021 6:12:14 AM",,,"system","System.UInt32[]","System.Diagnostics.Eventing.Reader.EventBookmark","Error",,,"System.Collections.ObjectModel.ReadOnlyCollection`1[System.String]","System.Collections.Generic.List`1[System.Diagnostics.Eventing.Reader.EventProperty]"
"The Kerberos client received a KRB_AP_ERR_MODIFIED error from the server mdc-10497$. The target name used was cifs/mdc-10485.sheriffleefl.org. This indicates that the target server failed to decrypt the ticket provided by the client. This can occur when the target server principal name (SPN) is registered on an account other than the account the target service is using. Ensure that the target SPN is only registered on the account used by the server. This error can also happen if the target service account password is different than what is configured on the Kerberos Key Distribution Center for that target service. Ensure that the service on the server and the KDC are both configured to use the same password. If the server name is not fully qualified, and the target domain (SHERIFFLEEFL.ORG) is different from the client domain (SHERIFFLEEFL.ORG), check if there are identically named server accounts in these two domains, or use the fully-qualified name to identify the server.","4","0","16384","2","0","0","36028797018963968","2416184","Microsoft-Windows-Security-Kerberos","98e6cfcb-ee0a-41e0-a57b-622d4e1b30b1","System","0","0","lcso-rms.sheriffleefl.org",,"3/4/2021 6:06:36 AM",,,"system","System.UInt32[]","System.Diagnostics.Eventing.Reader.EventBookmark","Error",,,"System.Collections.ObjectModel.ReadOnlyCollection`1[System.String]","System.Collections.Generic.List`1[System.Diagnostics.Eventing.Reader.EventProperty]"
"The Kerberos client received a KRB_AP_ERR_MODIFIED error from the server mdc-10623$. The target name used was cifs/mdc-10664.sheriffleefl.org. This indicates that the target server failed to decrypt the ticket provided by the client. This can occur when the target server principal name (SPN) is registered on an account other than the account the target service is using. Ensure that the target SPN is only registered on the account used by the server. This error can also happen if the target service account password is different than what is configured on the Kerberos Key Distribution Center for that target service. Ensure that the service on the server and the KDC are both configured to use the same password. If the server name is not fully qualified, and the target domain (SHERIFFLEEFL.ORG) is different from the client domain (SHERIFFLEEFL.ORG), check if there are identically named server accounts in these two domains, or use the fully-qualified name to identify the server.","4","0","16384","2","0","0","36028797018963968","2416176","Microsoft-Windows-Security-Kerberos","98e6cfcb-ee0a-41e0-a57b-622d4e1b30b1","System","0","0","lcso-rms.sheriffleefl.org",,"3/4/2021 5:51:32 AM",,,"system","System.UInt32[]","System.Diagnostics.Eventing.Reader.EventBookmark","Error",,,"System.Collections.ObjectModel.ReadOnlyCollection`1[System.String]","System.Collections.Generic.List`1[System.Diagnostics.Eventing.Reader.EventProperty]"
"The Kerberos client received a KRB_AP_ERR_MODIFIED error from the server mdc-10509$. The target name used was cifs/mdc-10629.sheriffleefl.org. This indicates that the target server failed to decrypt the ticket provided by the client. This can occur when the target server principal name (SPN) is registered on an account other than the account the target service is using. Ensure that the target SPN is only registered on the account used by the server. This error can also happen if the target service account password is different than what is configured on the Kerberos Key Distribution Center for that target service. Ensure that the service on the server and the KDC are both configured to use the same password. If the server name is not fully qualified, and the target domain (SHERIFFLEEFL.ORG) is different from the client domain (SHERIFFLEEFL.ORG), check if there are identically named server accounts in these two domains, or use the fully-qualified name to identify the server.","4","0","16384","2","0","0","36028797018963968","2416171","Microsoft-Windows-Security-Kerberos","98e6cfcb-ee0a-41e0-a57b-622d4e1b30b1","System","0","0","lcso-rms.sheriffleefl.org",,"3/4/2021 5:46:27 AM",,,"system","System.UInt32[]","System.Diagnostics.Eventing.Reader.EventBookmark","Error",,,"System.Collections.ObjectModel.ReadOnlyCollection`1[System.String]","System.Collections.Generic.List`1[System.Diagnostics.Eventing.Reader.EventProperty]"
"The Kerberos client received a KRB_AP_ERR_MODIFIED error from the server mdc-10147$. The target name used was cifs/mdc-10535.sheriffleefl.org. This indicates that the target server failed to decrypt the ticket provided by the client. This can occur when the target server principal name (SPN) is registered on an account other than the account the target service is using. Ensure that the target SPN is only registered on the account used by the server. This error can also happen if the target service account password is different than what is configured on the Kerberos Key Distribution Center for that target service. Ensure that the service on the server and the KDC are both configured to use the same password. If the server name is not fully qualified, and the target domain (SHERIFFLEEFL.ORG) is different from the client domain (SHERIFFLEEFL.ORG), check if there are identically named server accounts in these two domains, or use the fully-qualified name to identify the server.","4","0","16384","2","0","0","36028797018963968","2416164","Microsoft-Windows-Security-Kerberos","98e6cfcb-ee0a-41e0-a57b-622d4e1b30b1","System","0","0","lcso-rms.sheriffleefl.org",,"3/4/2021 5:35:27 AM",,,"system","System.UInt32[]","System.Diagnostics.Eventing.Reader.EventBookmark","Error",,,"System.Collections.ObjectModel.ReadOnlyCollection`1[System.String]","System.Collections.Generic.List`1[System.Diagnostics.Eventing.Reader.EventProperty]"
"The Kerberos client received a KRB_AP_ERR_MODIFIED error from the server mdc-6836$. The target name used was cifs/mdc-10533.sheriffleefl.org. This indicates that the target server failed to decrypt the ticket provided by the client. This can occur when the target server principal name (SPN) is registered on an account other than the account the target service is using. Ensure that the target SPN is only registered on the account used by the server. This error can also happen if the target service account password is different than what is configured on the Kerberos Key Distribution Center for that target service. Ensure that the service on the server and the KDC are both configured to use the same password. If the server name is not fully qualified, and the target domain (SHERIFFLEEFL.ORG) is different from the client domain (SHERIFFLEEFL.ORG), check if there are identically named server accounts in these two domains, or use the fully-qualified name to identify the server.","4","0","16384","2","0","0","36028797018963968","2416163","Microsoft-Windows-Security-Kerberos","98e6cfcb-ee0a-41e0-a57b-622d4e1b30b1","System","0","0","lcso-rms.sheriffleefl.org",,"3/4/2021 5:33:15 AM",,,"system","System.UInt32[]","System.Diagnostics.Eventing.Reader.EventBookmark","Error",,,"System.Collections.ObjectModel.ReadOnlyCollection`1[System.String]","System.Collections.Generic.List`1[System.Diagnostics.Eventing.Reader.EventProperty]"
"The Kerberos client received a KRB_AP_ERR_MODIFIED error from the server mdc-10918$. The target name used was cifs/mdc-11625.sheriffleefl.org. This indicates that the target server failed to decrypt the ticket provided by the client. This can occur when the target server principal name (SPN) is registered on an account other than the account the target service is using. Ensure that the target SPN is only registered on the account used by the server. This error can also happen if the target service account password is different than what is configured on the Kerberos Key Distribution Center for that target service. Ensure that the service on the server and the KDC are both configured to use the same password. If the server name is not fully qualified, and the target domain (SHERIFFLEEFL.ORG) is different from the client domain (SHERIFFLEEFL.ORG), check if there are identically named server accounts in these two domains, or use the fully-qualified name to identify the server.","4","0","16384","2","0","0","36028797018963968","2416155","Microsoft-Windows-Security-Kerberos","98e6cfcb-ee0a-41e0-a57b-622d4e1b30b1","System","0","0","lcso-rms.sheriffleefl.org",,"3/4/2021 5:27:10 AM",,,"system","System.UInt32[]","System.Diagnostics.Eventing.Reader.EventBookmark","Error",,,"System.Collections.ObjectModel.ReadOnlyCollection`1[System.String]","System.Collections.Generic.List`1[System.Diagnostics.Eventing.Reader.EventProperty]"
"The Kerberos client received a KRB_AP_ERR_MODIFIED error from the server mdc-11645$. The target name used was cifs/mdc-10065.sheriffleefl.org. This indicates that the target server failed to decrypt the ticket provided by the client. This can occur when the target server principal name (SPN) is registered on an account other than the account the target service is using. Ensure that the target SPN is only registered on the account used by the server. This error can also happen if the target service account password is different than what is configured on the Kerberos Key Distribution Center for that target service. Ensure that the service on the server and the KDC are both configured to use the same password. If the server name is not fully qualified, and the target domain (SHERIFFLEEFL.ORG) is different from the client domain (SHERIFFLEEFL.ORG), check if there are identically named server accounts in these two domains, or use the fully-qualified name to identify the server.","4","0","16384","2","0","0","36028797018963968","2416151","Microsoft-Windows-Security-Kerberos","98e6cfcb-ee0a-41e0-a57b-622d4e1b30b1","System","0","0","lcso-rms.sheriffleefl.org",,"3/4/2021 5:21:57 AM",,,"system","System.UInt32[]","System.Diagnostics.Eventing.Reader.EventBookmark","Error",,,"System.Collections.ObjectModel.ReadOnlyCollection`1[System.String]","System.Collections.Generic.List`1[System.Diagnostics.Eventing.Reader.EventProperty]"
"The Kerberos client received a KRB_AP_ERR_MODIFIED error from the server mdc-10436$. The target name used was cifs/mdc-11293.sheriffleefl.org. This indicates that the target server failed to decrypt the ticket provided by the client. This can occur when the target server principal name (SPN) is registered on an account other than the account the target service is using. Ensure that the target SPN is only registered on the account used by the server. This error can also happen if the target service account password is different than what is configured on the Kerberos Key Distribution Center for that target service. Ensure that the service on the server and the KDC are both configured to use the same password. If the server name is not fully qualified, and the target domain (SHERIFFLEEFL.ORG) is different from the client domain (SHERIFFLEEFL.ORG), check if there are identically named server accounts in these two domains, or use the fully-qualified name to identify the server.","4","0","16384","2","0","0","36028797018963968","2416143","Microsoft-Windows-Security-Kerberos","98e6cfcb-ee0a-41e0-a57b-622d4e1b30b1","System","0","0","lcso-rms.sheriffleefl.org",,"3/4/2021 5:04:59 AM",,,"system","System.UInt32[]","System.Diagnostics.Eventing.Reader.EventBookmark","Error",,,"System.Collections.ObjectModel.ReadOnlyCollection`1[System.String]","System.Collections.Generic.List`1[System.Diagnostics.Eventing.Reader.EventProperty]"
"The Kerberos client received a KRB_AP_ERR_MODIFIED error from the server mdc-10331$. The target name used was cifs/mdc-10140.sheriffleefl.org. This indicates that the target server failed to decrypt the ticket provided by the client. This can occur when the target server principal name (SPN) is registered on an account other than the account the target service is using. Ensure that the target SPN is only registered on the account used by the server. This error can also happen if the target service account password is different than what is configured on the Kerberos Key Distribution Center for that target service. Ensure that the service on the server and the KDC are both configured to use the same password. If the server name is not fully qualified, and the target domain (SHERIFFLEEFL.ORG) is different from the client domain (SHERIFFLEEFL.ORG), check if there are identically named server accounts in these two domains, or use the fully-qualified name to identify the server.","4","0","16384","2","0","0","36028797018963968","2416135","Microsoft-Windows-Security-Kerberos","98e6cfcb-ee0a-41e0-a57b-622d4e1b30b1","System","0","0","lcso-rms.sheriffleefl.org",,"3/4/2021 4:50:20 AM",,,"system","System.UInt32[]","System.Diagnostics.Eventing.Reader.EventBookmark","Error",,,"System.Collections.ObjectModel.ReadOnlyCollection`1[System.String]","System.Collections.Generic.List`1[System.Diagnostics.Eventing.Reader.EventProperty]"
"The Kerberos client received a KRB_AP_ERR_MODIFIED error from the server mdc-10452$. The target name used was cifs/mdc-10161.sheriffleefl.org. This indicates that the target server failed to decrypt the ticket provided by the client. This can occur when the target server principal name (SPN) is registered on an account other than the account the target service is using. Ensure that the target SPN is only registered on the account used by the server. This error can also happen if the target service account password is different than what is configured on the Kerberos Key Distribution Center for that target service. Ensure that the service on the server and the KDC are both configured to use the same password. If the server name is not fully qualified, and the target domain (SHERIFFLEEFL.ORG) is different from the client domain (SHERIFFLEEFL.ORG), check if there are identically named server accounts in these two domains, or use the fully-qualified name to identify the server.","4","0","16384","2","0","0","36028797018963968","2416107","Microsoft-Windows-Security-Kerberos","98e6cfcb-ee0a-41e0-a57b-622d4e1b30b1","System","0","0","lcso-rms.sheriffleefl.org",,"3/4/2021 4:04:46 AM",,,"system","System.UInt32[]","System.Diagnostics.Eventing.Reader.EventBookmark","Error",,,"System.Collections.ObjectModel.ReadOnlyCollection`1[System.String]","System.Collections.Generic.List`1[System.Diagnostics.Eventing.Reader.EventProperty]"
"The Kerberos client received a KRB_AP_ERR_MODIFIED error from the server mdc-11106$. The target name used was cifs/mdc-10431.sheriffleefl.org. This indicates that the target server failed to decrypt the ticket provided by the client. This can occur when the target server principal name (SPN) is registered on an account other than the account the target service is using. Ensure that the target SPN is only registered on the account used by the server. This error can also happen if the target service account password is different than what is configured on the Kerberos Key Distribution Center for that target service. Ensure that the service on the server and the KDC are both configured to use the same password. If the server name is not fully qualified, and the target domain (SHERIFFLEEFL.ORG) is different from the client domain (SHERIFFLEEFL.ORG), check if there are identically named server accounts in these two domains, or use the fully-qualified name to identify the server.","4","0","16384","2","0","0","36028797018963968","2416102","Microsoft-Windows-Security-Kerberos","98e6cfcb-ee0a-41e0-a57b-622d4e1b30b1","System","0","0","lcso-rms.sheriffleefl.org",,"3/4/2021 3:48:54 AM",,,"system","System.UInt32[]","System.Diagnostics.Eventing.Reader.EventBookmark","Error",,,"System.Collections.ObjectModel.ReadOnlyCollection`1[System.String]","System.Collections.Generic.List`1[System.Diagnostics.Eventing.Reader.EventProperty]"
"The Kerberos client received a KRB_AP_ERR_MODIFIED error from the server mdc-11630$. The target name used was cifs/mdc-10969.sheriffleefl.org. This indicates that the target server failed to decrypt the ticket provided by the client. This can occur when the target server principal name (SPN) is registered on an account other than the account the target service is using. Ensure that the target SPN is only registered on the account used by the server. This error can also happen if the target service account password is different than what is configured on the Kerberos Key Distribution Center for that target service. Ensure that the service on the server and the KDC are both configured to use the same password. If the server name is not fully qualified, and the target domain (SHERIFFLEEFL.ORG) is different from the client domain (SHERIFFLEEFL.ORG), check if there are identically named server accounts in these two domains, or use the fully-qualified name to identify the server.","4","0","16384","2","0","0","36028797018963968","2416096","Microsoft-Windows-Security-Kerberos","98e6cfcb-ee0a-41e0-a57b-622d4e1b30b1","System","0","0","lcso-rms.sheriffleefl.org",,"3/4/2021 3:45:29 AM",,,"system","System.UInt32[]","System.Diagnostics.Eventing.Reader.EventBookmark","Error",,,"System.Collections.ObjectModel.ReadOnlyCollection`1[System.String]","System.Collections.Generic.List`1[System.Diagnostics.Eventing.Reader.EventProperty]"
"The Kerberos client received a KRB_AP_ERR_MODIFIED error from the server mdc-11175$. The target name used was cifs/mdc-10987.sheriffleefl.org. This indicates that the target server failed to decrypt the ticket provided by the client. This can occur when the target server principal name (SPN) is registered on an account other than the account the target service is using. Ensure that the target SPN is only registered on the account used by the server. This error can also happen if the target service account password is different than what is configured on the Kerberos Key Distribution Center for that target service. Ensure that the service on the server and the KDC are both configured to use the same password. If the server name is not fully qualified, and the target domain (SHERIFFLEEFL.ORG) is different from the client domain (SHERIFFLEEFL.ORG), check if there are identically named server accounts in these two domains, or use the fully-qualified name to identify the server.","4","0","16384","2","0","0","36028797018963968","2416017","Microsoft-Windows-Security-Kerberos","98e6cfcb-ee0a-41e0-a57b-622d4e1b30b1","System","0","0","lcso-rms.sheriffleefl.org",,"3/4/2021 1:19:52 AM",,,"system","System.UInt32[]","System.Diagnostics.Eventing.Reader.EventBookmark","Error",,,"System.Collections.ObjectModel.ReadOnlyCollection`1[System.String]","System.Collections.Generic.List`1[System.Diagnostics.Eventing.Reader.EventProperty]"
"The Kerberos client received a KRB_AP_ERR_MODIFIED error from the server mdc-10478$. The target name used was cifs/mdc-6847.sheriffleefl.org. This indicates that the target server failed to decrypt the ticket provided by the client. This can occur when the target server principal name (SPN) is registered on an account other than the account the target service is using. Ensure that the target SPN is only registered on the account used by the server. This error can also happen if the target service account password is different than what is configured on the Kerberos Key Distribution Center for that target service. Ensure that the service on the server and the KDC are both configured to use the same password. If the server name is not fully qualified, and the target domain (SHERIFFLEEFL.ORG) is different from the client domain (SHERIFFLEEFL.ORG), check if there are identically named server accounts in these two domains, or use the fully-qualified name to identify the server.","4","0","16384","2","0","0","36028797018963968","2415898","Microsoft-Windows-Security-Kerberos","98e6cfcb-ee0a-41e0-a57b-622d4e1b30b1","System","0","0","lcso-rms.sheriffleefl.org",,"3/3/2021 9:34:56 PM",,,"system","System.UInt32[]","System.Diagnostics.Eventing.Reader.EventBookmark","Error",,,"System.Collections.ObjectModel.ReadOnlyCollection`1[System.String]","System.Collections.Generic.List`1[System.Diagnostics.Eventing.Reader.EventProperty]"
"The Kerberos client received a KRB_AP_ERR_MODIFIED error from the server lap-11762$. The target name used was cifs/mdc-10579.sheriffleefl.org. This indicates that the target server failed to decrypt the ticket provided by the client. This can occur when the target server principal name (SPN) is registered on an account other than the account the target service is using. Ensure that the target SPN is only registered on the account used by the server. This error can also happen if the target service account password is different than what is configured on the Kerberos Key Distribution Center for that target service. Ensure that the service on the server and the KDC are both configured to use the same password. If the server name is not fully qualified, and the target domain (SHERIFFLEEFL.ORG) is different from the client domain (SHERIFFLEEFL.ORG), check if there are identically named server accounts in these two domains, or use the fully-qualified name to identify the server.","4","0","16384","2","0","0","36028797018963968","2415858","Microsoft-Windows-Security-Kerberos","98e6cfcb-ee0a-41e0-a57b-622d4e1b30b1","System","0","0","lcso-rms.sheriffleefl.org",,"3/3/2021 8:21:40 PM",,,"system","System.UInt32[]","System.Diagnostics.Eventing.Reader.EventBookmark","Error",,,"System.Collections.ObjectModel.ReadOnlyCollection`1[System.String]","System.Collections.Generic.List`1[System.Diagnostics.Eventing.Reader.EventProperty]"
