"Certificate enrollment for LCSO\da-abakker failed to enroll for a Auto-EnrollUser certificate with request ID 503478 from hdq-dc1.sheriffleefl.org\LCSO-PDC (The EMail name is unavailable and cannot be added to the Subject or Subject Alternate name. 0x80094812 (-2146875374 CERTSRV_E_SUBJECT_EMAIL_REQUIRED)).","13","0","49754","2","0","0","36028797018963968","673044","Microsoft-Windows-CertificateServicesClient-CertEnroll","54164045-7c50-4905-963f-e5bc1eef0cca","Application","0","0","lcso-rms.sheriffleefl.org","S-1-5-21-1867268928-489775929-677931608-32938","1/27/2021 8:57:24 AM",,,"application","System.UInt32[]","System.Diagnostics.Eventing.Reader.EventBookmark","Error",,,"System.Collections.ObjectModel.ReadOnlyCollection`1[System.String]","System.Collections.Generic.List`1[System.Diagnostics.Eventing.Reader.EventProperty]"
"The Sophos Management Communications System client service has received an HTTP status 503 from the server. This might indicate that action is necessary.","8001",,"32768","2","1",,"36028797018963968","673036","Sophos Management Communications System",,"Application",,,"lcso-rms.sheriffleefl.org",,"1/27/2021 8:22:59 AM",,,"application","System.UInt32[]","System.Diagnostics.Eventing.Reader.EventBookmark","Error",,"Runtime","System.Collections.ObjectModel.ReadOnlyCollection`1[System.String]","System.Collections.Generic.List`1[System.Diagnostics.Eventing.Reader.EventProperty]"
"The Sophos Management Communications System client service has received an HTTP status 503 from the server. This might indicate that action is necessary.","8001",,"32768","2","1",,"36028797018963968","673035","Sophos Management Communications System",,"Application",,,"lcso-rms.sheriffleefl.org",,"1/27/2021 8:16:38 AM",,,"application","System.UInt32[]","System.Diagnostics.Eventing.Reader.EventBookmark","Error",,"Runtime","System.Collections.ObjectModel.ReadOnlyCollection`1[System.String]","System.Collections.Generic.List`1[System.Diagnostics.Eventing.Reader.EventProperty]"
"VssAdmin: Unable to create a shadow copy: Another shadow-copy creation is in progress, so the current shadow copy cannot be created.  There are a number of common scenarios causing this problem:          * If Shadow Copies of Shared Folders is set up, ensure that no two volumes have schedules that lie within five minutes             of each other.           * If automatic backup of any form is scheduled, ensure that the backup schedule does not overlap with the schedule            used for Shadow Copies of Shared Folders.    Generally, retrying the operation after a few minutes or changing the schedule of an automatic task should fix this problem. 
Command-line: 'C:\Windows\system32\vssadmin.exe Create Shadow /AutoRetry=15 /For=\\?\Volume{518bbfc6-6994-4946-80c3-af12b9383a70}\'. ","7001",,"0","2","0",,"36028797018963968","673029","VSS",,"Application",,,"lcso-rms.sheriffleefl.org",,"1/27/2021 7:22:24 AM",,,"application","System.UInt32[]","System.Diagnostics.Eventing.Reader.EventBookmark","Error","Info",,"System.Collections.ObjectModel.ReadOnlyCollection`1[System.String]","System.Collections.Generic.List`1[System.Diagnostics.Eventing.Reader.EventProperty]"
"VssAdmin: Unable to create a shadow copy: Another shadow-copy creation is in progress, so the current shadow copy cannot be created.  There are a number of common scenarios causing this problem:          * If Shadow Copies of Shared Folders is set up, ensure that no two volumes have schedules that lie within five minutes             of each other.           * If automatic backup of any form is scheduled, ensure that the backup schedule does not overlap with the schedule            used for Shadow Copies of Shared Folders.    Generally, retrying the operation after a few minutes or changing the schedule of an automatic task should fix this problem. 
Command-line: 'C:\Windows\system32\vssadmin.exe Create Shadow /AutoRetry=15 /For=\\?\Volume{35e1fef5-23de-4bcd-ac03-105a0f01cd86}\'. ","7001",,"0","2","0",,"36028797018963968","673028","VSS",,"Application",,,"lcso-rms.sheriffleefl.org",,"1/27/2021 7:22:24 AM",,,"application","System.UInt32[]","System.Diagnostics.Eventing.Reader.EventBookmark","Error","Info",,"System.Collections.ObjectModel.ReadOnlyCollection`1[System.String]","System.Collections.Generic.List`1[System.Diagnostics.Eventing.Reader.EventProperty]"
"VssAdmin: Unable to create a shadow copy: Another shadow-copy creation is in progress, so the current shadow copy cannot be created.  There are a number of common scenarios causing this problem:          * If Shadow Copies of Shared Folders is set up, ensure that no two volumes have schedules that lie within five minutes             of each other.           * If automatic backup of any form is scheduled, ensure that the backup schedule does not overlap with the schedule            used for Shadow Copies of Shared Folders.    Generally, retrying the operation after a few minutes or changing the schedule of an automatic task should fix this problem. 
Command-line: 'C:\Windows\system32\vssadmin.exe Create Shadow /AutoRetry=15 /For=\\?\Volume{4edd6720-416c-43e0-b64b-01b024cbfbaf}\'. ","7001",,"0","2","0",,"36028797018963968","673027","VSS",,"Application",,,"lcso-rms.sheriffleefl.org",,"1/27/2021 7:22:24 AM",,,"application","System.UInt32[]","System.Diagnostics.Eventing.Reader.EventBookmark","Error","Info",,"System.Collections.ObjectModel.ReadOnlyCollection`1[System.String]","System.Collections.Generic.List`1[System.Diagnostics.Eventing.Reader.EventProperty]"
"VssAdmin: Unable to create a shadow copy: Another shadow-copy creation is in progress, so the current shadow copy cannot be created.  There are a number of common scenarios causing this problem:          * If Shadow Copies of Shared Folders is set up, ensure that no two volumes have schedules that lie within five minutes             of each other.           * If automatic backup of any form is scheduled, ensure that the backup schedule does not overlap with the schedule            used for Shadow Copies of Shared Folders.    Generally, retrying the operation after a few minutes or changing the schedule of an automatic task should fix this problem. 
Command-line: 'C:\Windows\system32\vssadmin.exe Create Shadow /AutoRetry=15 /For=\\?\Volume{f98bde61-9923-4ed3-8606-e139f7bdf1ce}\'. ","7001",,"0","2","0",,"36028797018963968","673026","VSS",,"Application",,,"lcso-rms.sheriffleefl.org",,"1/27/2021 7:22:24 AM",,,"application","System.UInt32[]","System.Diagnostics.Eventing.Reader.EventBookmark","Error","Info",,"System.Collections.ObjectModel.ReadOnlyCollection`1[System.String]","System.Collections.Generic.List`1[System.Diagnostics.Eventing.Reader.EventProperty]"
"VssAdmin: Unable to create a shadow copy: Another shadow-copy creation is in progress, so the current shadow copy cannot be created.  There are a number of common scenarios causing this problem:          * If Shadow Copies of Shared Folders is set up, ensure that no two volumes have schedules that lie within five minutes             of each other.           * If automatic backup of any form is scheduled, ensure that the backup schedule does not overlap with the schedule            used for Shadow Copies of Shared Folders.    Generally, retrying the operation after a few minutes or changing the schedule of an automatic task should fix this problem. 
Command-line: 'C:\Windows\system32\vssadmin.exe Create Shadow /AutoRetry=15 /For=\\?\Volume{7654f60d-a3ce-4a50-9983-5f198118b8a8}\'. ","7001",,"0","2","0",,"36028797018963968","673025","VSS",,"Application",,,"lcso-rms.sheriffleefl.org",,"1/27/2021 7:22:24 AM",,,"application","System.UInt32[]","System.Diagnostics.Eventing.Reader.EventBookmark","Error","Info",,"System.Collections.ObjectModel.ReadOnlyCollection`1[System.String]","System.Collections.Generic.List`1[System.Diagnostics.Eventing.Reader.EventProperty]"
"VssAdmin: Unable to create a shadow copy: Another shadow-copy creation is in progress, so the current shadow copy cannot be created.  There are a number of common scenarios causing this problem:          * If Shadow Copies of Shared Folders is set up, ensure that no two volumes have schedules that lie within five minutes             of each other.           * If automatic backup of any form is scheduled, ensure that the backup schedule does not overlap with the schedule            used for Shadow Copies of Shared Folders.    Generally, retrying the operation after a few minutes or changing the schedule of an automatic task should fix this problem. 
Command-line: 'C:\Windows\system32\vssadmin.exe Create Shadow /AutoRetry=15 /For=\\?\Volume{5703bdd5-885d-43b7-8828-878e1c55c625}\'. ","7001",,"0","2","0",,"36028797018963968","673024","VSS",,"Application",,,"lcso-rms.sheriffleefl.org",,"1/27/2021 7:22:24 AM",,,"application","System.UInt32[]","System.Diagnostics.Eventing.Reader.EventBookmark","Error","Info",,"System.Collections.ObjectModel.ReadOnlyCollection`1[System.String]","System.Collections.Generic.List`1[System.Diagnostics.Eventing.Reader.EventProperty]"
"VssAdmin: Unable to create a shadow copy: Another shadow-copy creation is in progress, so the current shadow copy cannot be created.  There are a number of common scenarios causing this problem:          * If Shadow Copies of Shared Folders is set up, ensure that no two volumes have schedules that lie within five minutes             of each other.           * If automatic backup of any form is scheduled, ensure that the backup schedule does not overlap with the schedule            used for Shadow Copies of Shared Folders.    Generally, retrying the operation after a few minutes or changing the schedule of an automatic task should fix this problem. 
Command-line: 'C:\Windows\system32\vssadmin.exe Create Shadow /AutoRetry=15 /For=\\?\Volume{ed908819-f7fd-4cf3-828a-f6a5aa4a4ff7}\'. ","7001",,"0","2","0",,"36028797018963968","673023","VSS",,"Application",,,"lcso-rms.sheriffleefl.org",,"1/27/2021 7:22:24 AM",,,"application","System.UInt32[]","System.Diagnostics.Eventing.Reader.EventBookmark","Error","Info",,"System.Collections.ObjectModel.ReadOnlyCollection`1[System.String]","System.Collections.Generic.List`1[System.Diagnostics.Eventing.Reader.EventProperty]"
"VssAdmin: Unable to create a shadow copy: Another shadow-copy creation is in progress, so the current shadow copy cannot be created.  There are a number of common scenarios causing this problem:          * If Shadow Copies of Shared Folders is set up, ensure that no two volumes have schedules that lie within five minutes             of each other.           * If automatic backup of any form is scheduled, ensure that the backup schedule does not overlap with the schedule            used for Shadow Copies of Shared Folders.    Generally, retrying the operation after a few minutes or changing the schedule of an automatic task should fix this problem. 
Command-line: 'C:\Windows\system32\vssadmin.exe Create Shadow /AutoRetry=15 /For=\\?\Volume{da060444-ef0c-43ce-99f7-301b818205cc}\'. ","7001",,"0","2","0",,"36028797018963968","673022","VSS",,"Application",,,"lcso-rms.sheriffleefl.org",,"1/27/2021 7:22:24 AM",,,"application","System.UInt32[]","System.Diagnostics.Eventing.Reader.EventBookmark","Error","Info",,"System.Collections.ObjectModel.ReadOnlyCollection`1[System.String]","System.Collections.Generic.List`1[System.Diagnostics.Eventing.Reader.EventProperty]"
"VssAdmin: Unable to create a shadow copy: Another shadow-copy creation is in progress, so the current shadow copy cannot be created.  There are a number of common scenarios causing this problem:          * If Shadow Copies of Shared Folders is set up, ensure that no two volumes have schedules that lie within five minutes             of each other.           * If automatic backup of any form is scheduled, ensure that the backup schedule does not overlap with the schedule            used for Shadow Copies of Shared Folders.    Generally, retrying the operation after a few minutes or changing the schedule of an automatic task should fix this problem. 
Command-line: 'C:\Windows\system32\vssadmin.exe Create Shadow /AutoRetry=15 /For=\\?\Volume{259f98bb-1636-4c8f-bbc3-ce5c07b7cd9d}\'. ","7001",,"0","2","0",,"36028797018963968","673021","VSS",,"Application",,,"lcso-rms.sheriffleefl.org",,"1/27/2021 7:22:24 AM",,,"application","System.UInt32[]","System.Diagnostics.Eventing.Reader.EventBookmark","Error","Info",,"System.Collections.ObjectModel.ReadOnlyCollection`1[System.String]","System.Collections.Generic.List`1[System.Diagnostics.Eventing.Reader.EventProperty]"
"VssAdmin: Unable to create a shadow copy: Another shadow-copy creation is in progress, so the current shadow copy cannot be created.  There are a number of common scenarios causing this problem:          * If Shadow Copies of Shared Folders is set up, ensure that no two volumes have schedules that lie within five minutes             of each other.           * If automatic backup of any form is scheduled, ensure that the backup schedule does not overlap with the schedule            used for Shadow Copies of Shared Folders.    Generally, retrying the operation after a few minutes or changing the schedule of an automatic task should fix this problem. 
Command-line: 'C:\Windows\system32\vssadmin.exe Create Shadow /AutoRetry=15 /For=\\?\Volume{de3c403b-ae12-40d3-9fc9-b4621893ffd1}\'. ","7001",,"0","2","0",,"36028797018963968","673020","VSS",,"Application",,,"lcso-rms.sheriffleefl.org",,"1/27/2021 7:22:24 AM",,,"application","System.UInt32[]","System.Diagnostics.Eventing.Reader.EventBookmark","Error","Info",,"System.Collections.ObjectModel.ReadOnlyCollection`1[System.String]","System.Collections.Generic.List`1[System.Diagnostics.Eventing.Reader.EventProperty]"
"VssAdmin: Unable to create a shadow copy: Another shadow-copy creation is in progress, so the current shadow copy cannot be created.  There are a number of common scenarios causing this problem:          * If Shadow Copies of Shared Folders is set up, ensure that no two volumes have schedules that lie within five minutes             of each other.           * If automatic backup of any form is scheduled, ensure that the backup schedule does not overlap with the schedule            used for Shadow Copies of Shared Folders.    Generally, retrying the operation after a few minutes or changing the schedule of an automatic task should fix this problem. 
Command-line: 'C:\Windows\system32\vssadmin.exe Create Shadow /AutoRetry=15 /For=\\?\Volume{b1033f14-902b-4782-ade0-9246985b6e6f}\'. ","7001",,"0","2","0",,"36028797018963968","673019","VSS",,"Application",,,"lcso-rms.sheriffleefl.org",,"1/27/2021 7:22:24 AM",,,"application","System.UInt32[]","System.Diagnostics.Eventing.Reader.EventBookmark","Error","Info",,"System.Collections.ObjectModel.ReadOnlyCollection`1[System.String]","System.Collections.Generic.List`1[System.Diagnostics.Eventing.Reader.EventProperty]"
"VssAdmin: Unable to create a shadow copy: Another shadow-copy creation is in progress, so the current shadow copy cannot be created.  There are a number of common scenarios causing this problem:          * If Shadow Copies of Shared Folders is set up, ensure that no two volumes have schedules that lie within five minutes             of each other.           * If automatic backup of any form is scheduled, ensure that the backup schedule does not overlap with the schedule            used for Shadow Copies of Shared Folders.    Generally, retrying the operation after a few minutes or changing the schedule of an automatic task should fix this problem. 
Command-line: 'C:\Windows\system32\vssadmin.exe Create Shadow /AutoRetry=15 /For=\\?\Volume{809efd6d-9bcc-495b-8dbb-2f197583b5ff}\'. ","7001",,"0","2","0",,"36028797018963968","673018","VSS",,"Application",,,"lcso-rms.sheriffleefl.org",,"1/27/2021 7:22:24 AM",,,"application","System.UInt32[]","System.Diagnostics.Eventing.Reader.EventBookmark","Error","Info",,"System.Collections.ObjectModel.ReadOnlyCollection`1[System.String]","System.Collections.Generic.List`1[System.Diagnostics.Eventing.Reader.EventProperty]"
"VssAdmin: Unable to create a shadow copy: Another shadow-copy creation is in progress, so the current shadow copy cannot be created.  There are a number of common scenarios causing this problem:          * If Shadow Copies of Shared Folders is set up, ensure that no two volumes have schedules that lie within five minutes             of each other.           * If automatic backup of any form is scheduled, ensure that the backup schedule does not overlap with the schedule            used for Shadow Copies of Shared Folders.    Generally, retrying the operation after a few minutes or changing the schedule of an automatic task should fix this problem. 
Command-line: 'C:\Windows\system32\vssadmin.exe Create Shadow /AutoRetry=15 /For=\\?\Volume{377b8df1-3450-4f93-82b6-ec1315ea2424}\'. ","7001",,"0","2","0",,"36028797018963968","673017","VSS",,"Application",,,"lcso-rms.sheriffleefl.org",,"1/27/2021 7:22:24 AM",,,"application","System.UInt32[]","System.Diagnostics.Eventing.Reader.EventBookmark","Error","Info",,"System.Collections.ObjectModel.ReadOnlyCollection`1[System.String]","System.Collections.Generic.List`1[System.Diagnostics.Eventing.Reader.EventProperty]"
"VssAdmin: Unable to create a shadow copy: Another shadow-copy creation is in progress, so the current shadow copy cannot be created.  There are a number of common scenarios causing this problem:          * If Shadow Copies of Shared Folders is set up, ensure that no two volumes have schedules that lie within five minutes             of each other.           * If automatic backup of any form is scheduled, ensure that the backup schedule does not overlap with the schedule            used for Shadow Copies of Shared Folders.    Generally, retrying the operation after a few minutes or changing the schedule of an automatic task should fix this problem. 
Command-line: 'C:\Windows\system32\vssadmin.exe Create Shadow /AutoRetry=15 /For=\\?\Volume{17e21b57-c77d-11e4-80b4-806e6f6e6963}\'. ","7001",,"0","2","0",,"36028797018963968","673016","VSS",,"Application",,,"lcso-rms.sheriffleefl.org",,"1/27/2021 7:22:24 AM",,,"application","System.UInt32[]","System.Diagnostics.Eventing.Reader.EventBookmark","Error","Info",,"System.Collections.ObjectModel.ReadOnlyCollection`1[System.String]","System.Collections.Generic.List`1[System.Diagnostics.Eventing.Reader.EventProperty]"
"VssAdmin: Unable to create a shadow copy: Another shadow-copy creation is in progress, so the current shadow copy cannot be created.  There are a number of common scenarios causing this problem:          * If Shadow Copies of Shared Folders is set up, ensure that no two volumes have schedules that lie within five minutes             of each other.           * If automatic backup of any form is scheduled, ensure that the backup schedule does not overlap with the schedule            used for Shadow Copies of Shared Folders.    Generally, retrying the operation after a few minutes or changing the schedule of an automatic task should fix this problem. 
Command-line: 'C:\Windows\system32\vssadmin.exe Create Shadow /AutoRetry=15 /For=\\?\Volume{6e8d0533-eed9-4cd1-9c69-452136619f22}\'. ","7001",,"0","2","0",,"36028797018963968","673015","VSS",,"Application",,,"lcso-rms.sheriffleefl.org",,"1/27/2021 7:22:24 AM",,,"application","System.UInt32[]","System.Diagnostics.Eventing.Reader.EventBookmark","Error","Info",,"System.Collections.ObjectModel.ReadOnlyCollection`1[System.String]","System.Collections.Generic.List`1[System.Diagnostics.Eventing.Reader.EventProperty]"
"VssAdmin: Unable to create a shadow copy: Another shadow-copy creation is in progress, so the current shadow copy cannot be created.  There are a number of common scenarios causing this problem:          * If Shadow Copies of Shared Folders is set up, ensure that no two volumes have schedules that lie within five minutes             of each other.           * If automatic backup of any form is scheduled, ensure that the backup schedule does not overlap with the schedule            used for Shadow Copies of Shared Folders.    Generally, retrying the operation after a few minutes or changing the schedule of an automatic task should fix this problem. 
Command-line: 'C:\Windows\system32\vssadmin.exe Create Shadow /AutoRetry=15 /For=\\?\Volume{1962eecc-c15e-4567-9048-5d9f72871136}\'. ","7001",,"0","2","0",,"36028797018963968","673014","VSS",,"Application",,,"lcso-rms.sheriffleefl.org",,"1/27/2021 7:22:24 AM",,,"application","System.UInt32[]","System.Diagnostics.Eventing.Reader.EventBookmark","Error","Info",,"System.Collections.ObjectModel.ReadOnlyCollection`1[System.String]","System.Collections.Generic.List`1[System.Diagnostics.Eventing.Reader.EventProperty]"
"VssAdmin: Unable to create a shadow copy: Another shadow-copy creation is in progress, so the current shadow copy cannot be created.  There are a number of common scenarios causing this problem:          * If Shadow Copies of Shared Folders is set up, ensure that no two volumes have schedules that lie within five minutes             of each other.           * If automatic backup of any form is scheduled, ensure that the backup schedule does not overlap with the schedule            used for Shadow Copies of Shared Folders.    Generally, retrying the operation after a few minutes or changing the schedule of an automatic task should fix this problem. 
Command-line: 'C:\Windows\system32\vssadmin.exe Create Shadow /AutoRetry=15 /For=\\?\Volume{9934efc4-7d5b-4d78-a0d5-f6f257594ed7}\'. ","7001",,"0","2","0",,"36028797018963968","673013","VSS",,"Application",,,"lcso-rms.sheriffleefl.org",,"1/27/2021 7:22:24 AM",,,"application","System.UInt32[]","System.Diagnostics.Eventing.Reader.EventBookmark","Error","Info",,"System.Collections.ObjectModel.ReadOnlyCollection`1[System.String]","System.Collections.Generic.List`1[System.Diagnostics.Eventing.Reader.EventProperty]"
"VssAdmin: Unable to create a shadow copy: Another shadow-copy creation is in progress, so the current shadow copy cannot be created.  There are a number of common scenarios causing this problem:          * If Shadow Copies of Shared Folders is set up, ensure that no two volumes have schedules that lie within five minutes             of each other.           * If automatic backup of any form is scheduled, ensure that the backup schedule does not overlap with the schedule            used for Shadow Copies of Shared Folders.    Generally, retrying the operation after a few minutes or changing the schedule of an automatic task should fix this problem. 
Command-line: 'C:\Windows\system32\vssadmin.exe Create Shadow /AutoRetry=15 /For=\\?\Volume{9e283cdf-0276-4f37-a28a-9fcc93eed6b1}\'. ","7001",,"0","2","0",,"36028797018963968","673012","VSS",,"Application",,,"lcso-rms.sheriffleefl.org",,"1/27/2021 7:22:24 AM",,,"application","System.UInt32[]","System.Diagnostics.Eventing.Reader.EventBookmark","Error","Info",,"System.Collections.ObjectModel.ReadOnlyCollection`1[System.String]","System.Collections.Generic.List`1[System.Diagnostics.Eventing.Reader.EventProperty]"
"VssAdmin: Unable to create a shadow copy: Another shadow-copy creation is in progress, so the current shadow copy cannot be created.  There are a number of common scenarios causing this problem:          * If Shadow Copies of Shared Folders is set up, ensure that no two volumes have schedules that lie within five minutes             of each other.           * If automatic backup of any form is scheduled, ensure that the backup schedule does not overlap with the schedule            used for Shadow Copies of Shared Folders.    Generally, retrying the operation after a few minutes or changing the schedule of an automatic task should fix this problem. 
Command-line: 'C:\Windows\system32\vssadmin.exe Create Shadow /AutoRetry=15 /For=\\?\Volume{296fe784-b22f-4858-a1f7-6242a345d374}\'. ","7001",,"0","2","0",,"36028797018963968","673011","VSS",,"Application",,,"lcso-rms.sheriffleefl.org",,"1/27/2021 7:22:24 AM",,,"application","System.UInt32[]","System.Diagnostics.Eventing.Reader.EventBookmark","Error","Info",,"System.Collections.ObjectModel.ReadOnlyCollection`1[System.String]","System.Collections.Generic.List`1[System.Diagnostics.Eventing.Reader.EventProperty]"
"VssAdmin: Unable to create a shadow copy: Another shadow-copy creation is in progress, so the current shadow copy cannot be created.  There are a number of common scenarios causing this problem:          * If Shadow Copies of Shared Folders is set up, ensure that no two volumes have schedules that lie within five minutes             of each other.           * If automatic backup of any form is scheduled, ensure that the backup schedule does not overlap with the schedule            used for Shadow Copies of Shared Folders.    Generally, retrying the operation after a few minutes or changing the schedule of an automatic task should fix this problem. 
Command-line: 'C:\Windows\system32\vssadmin.exe Create Shadow /AutoRetry=15 /For=\\?\Volume{606c9ab2-4ad9-4cde-abe2-95fba4fb4312}\'. ","7001",,"0","2","0",,"36028797018963968","673010","VSS",,"Application",,,"lcso-rms.sheriffleefl.org",,"1/27/2021 7:22:24 AM",,,"application","System.UInt32[]","System.Diagnostics.Eventing.Reader.EventBookmark","Error","Info",,"System.Collections.ObjectModel.ReadOnlyCollection`1[System.String]","System.Collections.Generic.List`1[System.Diagnostics.Eventing.Reader.EventProperty]"
"VssAdmin: Unable to create a shadow copy: Another shadow-copy creation is in progress, so the current shadow copy cannot be created.  There are a number of common scenarios causing this problem:          * If Shadow Copies of Shared Folders is set up, ensure that no two volumes have schedules that lie within five minutes             of each other.           * If automatic backup of any form is scheduled, ensure that the backup schedule does not overlap with the schedule            used for Shadow Copies of Shared Folders.    Generally, retrying the operation after a few minutes or changing the schedule of an automatic task should fix this problem. 
Command-line: 'C:\Windows\system32\vssadmin.exe Create Shadow /AutoRetry=15 /For=\\?\Volume{1813e1d9-0da4-45c1-b82d-5a6b011a1ea6}\'. ","7001",,"0","2","0",,"36028797018963968","673009","VSS",,"Application",,,"lcso-rms.sheriffleefl.org",,"1/27/2021 7:22:24 AM",,,"application","System.UInt32[]","System.Diagnostics.Eventing.Reader.EventBookmark","Error","Info",,"System.Collections.ObjectModel.ReadOnlyCollection`1[System.String]","System.Collections.Generic.List`1[System.Diagnostics.Eventing.Reader.EventProperty]"
"VssAdmin: Unable to create a shadow copy: Another shadow-copy creation is in progress, so the current shadow copy cannot be created.  There are a number of common scenarios causing this problem:          * If Shadow Copies of Shared Folders is set up, ensure that no two volumes have schedules that lie within five minutes             of each other.           * If automatic backup of any form is scheduled, ensure that the backup schedule does not overlap with the schedule            used for Shadow Copies of Shared Folders.    Generally, retrying the operation after a few minutes or changing the schedule of an automatic task should fix this problem. 
Command-line: 'C:\Windows\system32\vssadmin.exe Create Shadow /AutoRetry=15 /For=\\?\Volume{0d441a64-3ab6-425f-b44a-92faf6ba9bae}\'. ","7001",,"0","2","0",,"36028797018963968","673008","VSS",,"Application",,,"lcso-rms.sheriffleefl.org",,"1/27/2021 7:22:24 AM",,,"application","System.UInt32[]","System.Diagnostics.Eventing.Reader.EventBookmark","Error","Info",,"System.Collections.ObjectModel.ReadOnlyCollection`1[System.String]","System.Collections.Generic.List`1[System.Diagnostics.Eventing.Reader.EventProperty]"
"VssAdmin: Unable to create a shadow copy: Another shadow-copy creation is in progress, so the current shadow copy cannot be created.  There are a number of common scenarios causing this problem:          * If Shadow Copies of Shared Folders is set up, ensure that no two volumes have schedules that lie within five minutes             of each other.           * If automatic backup of any form is scheduled, ensure that the backup schedule does not overlap with the schedule            used for Shadow Copies of Shared Folders.    Generally, retrying the operation after a few minutes or changing the schedule of an automatic task should fix this problem. 
Command-line: 'C:\Windows\system32\vssadmin.exe Create Shadow /AutoRetry=15 /For=\\?\Volume{e2a07780-9916-45ba-88e1-4b8636c1790e}\'. ","7001",,"0","2","0",,"36028797018963968","673007","VSS",,"Application",,,"lcso-rms.sheriffleefl.org",,"1/27/2021 7:22:24 AM",,,"application","System.UInt32[]","System.Diagnostics.Eventing.Reader.EventBookmark","Error","Info",,"System.Collections.ObjectModel.ReadOnlyCollection`1[System.String]","System.Collections.Generic.List`1[System.Diagnostics.Eventing.Reader.EventProperty]"
"VssAdmin: Unable to create a shadow copy: Either the specified volume was not found or it is not a local volume. 
Command-line: 'C:\Windows\system32\vssadmin.exe Create Shadow /AutoRetry=15 /For=\\?\Volume{840f8e1f-4c70-446f-b084-fb5ab82f2025}\'. ","7001",,"0","2","0",,"36028797018963968","673006","VSS",,"Application",,,"lcso-rms.sheriffleefl.org",,"1/27/2021 7:00:00 AM",,,"application","System.UInt32[]","System.Diagnostics.Eventing.Reader.EventBookmark","Error","Info",,"System.Collections.ObjectModel.ReadOnlyCollection`1[System.String]","System.Collections.Generic.List`1[System.Diagnostics.Eventing.Reader.EventProperty]"
"Automatic certificate enrollment for LCSO\da-abakker failed (0x80094812) The EMail name is unavailable and cannot be added to the Subject or Subject Alternate name.
.","6","0","16384","2","0","0","36028797018963968","673000","Microsoft-Windows-CertificateServicesClient-AutoEnrollment","f0db7ef8-b6f3-4005-9937-feb77b9e1b43","Application","0","0","lcso-rms.sheriffleefl.org",,"1/27/2021 6:49:23 AM",,,"application","System.UInt32[]","System.Diagnostics.Eventing.Reader.EventBookmark","Error",,,"System.Collections.ObjectModel.ReadOnlyCollection`1[System.String]","System.Collections.Generic.List`1[System.Diagnostics.Eventing.Reader.EventProperty]"
"Certificate enrollment for LCSO\da-abakker failed to enroll for a Auto-EnrollUser certificate with request ID 503457 from hdq-dc1.sheriffleefl.org\LCSO-PDC (The EMail name is unavailable and cannot be added to the Subject or Subject Alternate name. 0x80094812 (-2146875374 CERTSRV_E_SUBJECT_EMAIL_REQUIRED)).","13","0","49754","2","0","0","36028797018963968","672999","Microsoft-Windows-CertificateServicesClient-CertEnroll","54164045-7c50-4905-963f-e5bc1eef0cca","Application","0","0","lcso-rms.sheriffleefl.org","S-1-5-21-1867268928-489775929-677931608-32938","1/27/2021 6:49:23 AM",,,"application","System.UInt32[]","System.Diagnostics.Eventing.Reader.EventBookmark","Error",,,"System.Collections.ObjectModel.ReadOnlyCollection`1[System.String]","System.Collections.Generic.List`1[System.Diagnostics.Eventing.Reader.EventProperty]"
"Unable to open the Server service performance object. The first four bytes (DWORD) of the Data section contains the status code.","2004","0","49152","2","0","0","36028797018963968","672966","Microsoft-Windows-PerfNet","cab2b8a5-49b9-4eec-b1b0-fac21da05a3b","Application","0","0","lcso-rms.sheriffleefl.org",,"1/27/2021 6:40:07 AM",,,"application","System.UInt32[]","System.Diagnostics.Eventing.Reader.EventBookmark","Error",,,"System.Collections.ObjectModel.ReadOnlyCollection`1[System.String]","System.Collections.Generic.List`1[System.Diagnostics.Eventing.Reader.EventProperty]"
"Automatic certificate enrollment for LCSO\da-abakker failed (0x80094812) The EMail name is unavailable and cannot be added to the Subject or Subject Alternate name.
.","6","0","16384","2","0","0","36028797018963968","672943","Microsoft-Windows-CertificateServicesClient-AutoEnrollment","f0db7ef8-b6f3-4005-9937-feb77b9e1b43","Application","0","0","lcso-rms.sheriffleefl.org",,"1/27/2021 6:20:11 AM",,,"application","System.UInt32[]","System.Diagnostics.Eventing.Reader.EventBookmark","Error",,,"System.Collections.ObjectModel.ReadOnlyCollection`1[System.String]","System.Collections.Generic.List`1[System.Diagnostics.Eventing.Reader.EventProperty]"
"Certificate enrollment for LCSO\da-abakker failed to enroll for a Auto-EnrollUser certificate with request ID 503451 from hdq-dc1.sheriffleefl.org\LCSO-PDC (The EMail name is unavailable and cannot be added to the Subject or Subject Alternate name. 0x80094812 (-2146875374 CERTSRV_E_SUBJECT_EMAIL_REQUIRED)).","13","0","49754","2","0","0","36028797018963968","672942","Microsoft-Windows-CertificateServicesClient-CertEnroll","54164045-7c50-4905-963f-e5bc1eef0cca","Application","0","0","lcso-rms.sheriffleefl.org","S-1-5-21-1867268928-489775929-677931608-32938","1/27/2021 6:20:11 AM",,,"application","System.UInt32[]","System.Diagnostics.Eventing.Reader.EventBookmark","Error",,,"System.Collections.ObjectModel.ReadOnlyCollection`1[System.String]","System.Collections.Generic.List`1[System.Diagnostics.Eventing.Reader.EventProperty]"
"Unable to open the Server service performance object. The first four bytes (DWORD) of the Data section contains the status code.","2004","0","49152","2","0","0","36028797018963968","672920","Microsoft-Windows-PerfNet","cab2b8a5-49b9-4eec-b1b0-fac21da05a3b","Application","0","0","lcso-rms.sheriffleefl.org",,"1/27/2021 6:15:42 AM",,,"application","System.UInt32[]","System.Diagnostics.Eventing.Reader.EventBookmark","Error",,,"System.Collections.ObjectModel.ReadOnlyCollection`1[System.String]","System.Collections.Generic.List`1[System.Diagnostics.Eventing.Reader.EventProperty]"
"The Open Procedure for service ""BITS"" in DLL ""C:\Windows\System32\bitsperf.dll"" failed. Performance data for this service will not be available. The first four bytes (DWORD) of the Data section contains the error code.","1008","0","49152","2","0","0","36028797018963968","672919","Microsoft-Windows-Perflib","13b197bd-7cee-4b4e-8dd0-59314ce374ce","Application","0","0","lcso-rms.sheriffleefl.org",,"1/27/2021 6:15:41 AM",,,"application","System.UInt32[]","System.Diagnostics.Eventing.Reader.EventBookmark","Error",,,"System.Collections.ObjectModel.ReadOnlyCollection`1[System.String]","System.Collections.Generic.List`1[System.Diagnostics.Eventing.Reader.EventProperty]"
"Automatic certificate enrollment for LCSO\da-abakker failed (0x80094812) The EMail name is unavailable and cannot be added to the Subject or Subject Alternate name.
.","6","0","16384","2","0","0","36028797018963968","672899","Microsoft-Windows-CertificateServicesClient-AutoEnrollment","f0db7ef8-b6f3-4005-9937-feb77b9e1b43","Application","0","0","lcso-rms.sheriffleefl.org",,"1/26/2021 3:28:32 PM",,,"application","System.UInt32[]","System.Diagnostics.Eventing.Reader.EventBookmark","Error",,,"System.Collections.ObjectModel.ReadOnlyCollection`1[System.String]","System.Collections.Generic.List`1[System.Diagnostics.Eventing.Reader.EventProperty]"
"Certificate enrollment for LCSO\da-abakker failed to enroll for a Auto-EnrollUser certificate with request ID 503340 from hdq-dc1.sheriffleefl.org\LCSO-PDC (The EMail name is unavailable and cannot be added to the Subject or Subject Alternate name. 0x80094812 (-2146875374 CERTSRV_E_SUBJECT_EMAIL_REQUIRED)).","13","0","49754","2","0","0","36028797018963968","672898","Microsoft-Windows-CertificateServicesClient-CertEnroll","54164045-7c50-4905-963f-e5bc1eef0cca","Application","0","0","lcso-rms.sheriffleefl.org","S-1-5-21-1867268928-489775929-677931608-32938","1/26/2021 3:28:31 PM",,,"application","System.UInt32[]","System.Diagnostics.Eventing.Reader.EventBookmark","Error",,,"System.Collections.ObjectModel.ReadOnlyCollection`1[System.String]","System.Collections.Generic.List`1[System.Diagnostics.Eventing.Reader.EventProperty]"
"Automatic certificate enrollment for LCSO\da-abakker failed (0x80094812) The EMail name is unavailable and cannot be added to the Subject or Subject Alternate name.
.","6","0","16384","2","0","0","36028797018963968","672873","Microsoft-Windows-CertificateServicesClient-AutoEnrollment","f0db7ef8-b6f3-4005-9937-feb77b9e1b43","Application","0","0","lcso-rms.sheriffleefl.org",,"1/26/2021 12:26:52 PM",,,"application","System.UInt32[]","System.Diagnostics.Eventing.Reader.EventBookmark","Error",,,"System.Collections.ObjectModel.ReadOnlyCollection`1[System.String]","System.Collections.Generic.List`1[System.Diagnostics.Eventing.Reader.EventProperty]"
